Gazebo multi-robot simulator, version 7.0.0
Copyright (C) 2012-2016 Open Source Robotics Foundation.
Released under the Apache 2 License.
http://gazebosim.org


(1580364481 696392168) [Msg] Waiting for master.
(1580364481 701084186) [Msg] Connected to gazebo master @ http://127.0.0.1:11345
(1580364481 701173905) [Msg] Publicized address: 192.168.11.20
(1580364482 375608294) Init world[default]
(1580364483 893200918) applying Gaussian noise model with mean 0, stddev 1.96e-06, bias 0
(1580364483 893337172) applying Gaussian noise model with mean 0, stddev 1.96e-06, bias 0
(1580364483 893395325) applying Gaussian noise model with mean 0, stddev 1.96e-06, bias -0
(1580364483 893440253) Applying angular velocity noise to IMU[imu].
  X: Gaussian noise, mean[0], stdDev[1.96e-06] bias[0] precision[0] quantized[0]
  Y: Gaussian noise, mean[0], stdDev[1.96e-06] bias[0] precision[0] quantized[0]
  Z: Gaussian noise, mean[0], stdDev[1.96e-06] bias[-0] precision[0] quantized[0]
(1580364483 893776497) applying Gaussian noise model with mean 0, stddev 0.017, bias 0.101159
(1580364483 893879664) applying Gaussian noise model with mean 0, stddev 0.017, bias -0.0987446
(1580364483 893931681) applying Gaussian noise model with mean 0, stddev 0.017, bias -0.0996359
(1580364483 893963542) Applying linear acceleration noise to IMU[imu].
  X: Gaussian noise, mean[0], stdDev[0.017] bias[0.101159] precision[0] quantized[0]
  Y: Gaussian noise, mean[0], stdDev[0.017] bias[-0.0987446] precision[0] quantized[0]
  Z: Gaussian noise, mean[0], stdDev[0.017] bias[-0.0996359] precision[0] quantized[0]
(1580364483 906609640) [Wrn] [msgs.cc:1655] Conversion of sensor type[depth] not suppported.
(1580364483 907030389) [Wrn] [msgs.cc:1655] Conversion of sensor type[imu] not suppported.
(1580364483 944102276) [Dbg] [gazebo_ros_kobuki.cpp:57] Plugin model name: mobile_base
(1580364484 181052967) [Wrn] [msgs.cc:1655] Conversion of sensor type[depth] not suppported.
(1580364484 181456021) [Wrn] [msgs.cc:1655] Conversion of sensor type[imu] not suppported.
(1580364484 184365764) [Wrn] [msgs.cc:1655] Conversion of sensor type[depth] not suppported.
(1580364484 186387053) [Wrn] [msgs.cc:1655] Conversion of sensor type[imu] not suppported.
(1580364484 189941051) [Wrn] [msgs.cc:1655] Conversion of sensor type[depth] not suppported.
(1580364484 190294380) [Wrn] [msgs.cc:1655] Conversion of sensor type[imu] not suppported.
(1580364493 817806818) [Wrn] [Publisher.cc:140] Queue limit reached for topic /gazebo/default/pose/local/info, deleting message. This warning is printed only once.
(1580364656 194638242) [Wrn] [Publisher.cc:140] Queue limit reached for topic /gazebo/default/physics/contacts, deleting message. This warning is printed only once.
(1580364656 325165957) [Wrn] [Publisher.cc:140] Queue limit reached for topic /gazebo/default/pose/info, deleting message. This warning is printed only once.
