Determining if the pthread_create exist failed with the following output:
Change Dir: /home/miki/development_v1/build/CMakeFiles/CMakeTmp

Run Build Command:"/usr/bin/make" "cmTC_a6199/fast"
/usr/bin/make -f CMakeFiles/cmTC_a6199.dir/build.make CMakeFiles/cmTC_a6199.dir/build
make[1]: ディレクトリ '/home/miki/development_v1/build/CMakeFiles/CMakeTmp' に入ります
Building C object CMakeFiles/cmTC_a6199.dir/CheckSymbolExists.c.o
/usr/bin/cc     -o CMakeFiles/cmTC_a6199.dir/CheckSymbolExists.c.o   -c /home/miki/development_v1/build/CMakeFiles/CMakeTmp/CheckSymbolExists.c
Linking C executable cmTC_a6199
/usr/bin/cmake -E cmake_link_script CMakeFiles/cmTC_a6199.dir/link.txt --verbose=1
/usr/bin/cc       CMakeFiles/cmTC_a6199.dir/CheckSymbolExists.c.o  -o cmTC_a6199 -rdynamic 
CMakeFiles/cmTC_a6199.dir/CheckSymbolExists.c.o: 関数 `main' 内:
CheckSymbolExists.c:(.text+0x16): `pthread_create' に対する定義されていない参照です
collect2: error: ld returned 1 exit status
CMakeFiles/cmTC_a6199.dir/build.make:97: ターゲット 'cmTC_a6199' のレシピで失敗しました
make[1]: *** [cmTC_a6199] エラー 1
make[1]: ディレクトリ '/home/miki/development_v1/build/CMakeFiles/CMakeTmp' から出ます
Makefile:126: ターゲット 'cmTC_a6199/fast' のレシピで失敗しました
make: *** [cmTC_a6199/fast] エラー 2

File /home/miki/development_v1/build/CMakeFiles/CMakeTmp/CheckSymbolExists.c:
/* */
#include <pthread.h>

int main(int argc, char** argv)
{
  (void)argv;
#ifndef pthread_create
  return ((int*)(&pthread_create))[argc];
#else
  (void)argc;
  return 0;
#endif
}

Determining if the function pthread_create exists in the pthreads failed with the following output:
Change Dir: /home/miki/development_v1/build/CMakeFiles/CMakeTmp

Run Build Command:"/usr/bin/make" "cmTC_d6c5c/fast"
/usr/bin/make -f CMakeFiles/cmTC_d6c5c.dir/build.make CMakeFiles/cmTC_d6c5c.dir/build
make[1]: ディレクトリ '/home/miki/development_v1/build/CMakeFiles/CMakeTmp' に入ります
Building C object CMakeFiles/cmTC_d6c5c.dir/CheckFunctionExists.c.o
/usr/bin/cc    -DCHECK_FUNCTION_EXISTS=pthread_create   -o CMakeFiles/cmTC_d6c5c.dir/CheckFunctionExists.c.o   -c /usr/share/cmake-3.5/Modules/CheckFunctionExists.c
Linking C executable cmTC_d6c5c
/usr/bin/cmake -E cmake_link_script CMakeFiles/cmTC_d6c5c.dir/link.txt --verbose=1
/usr/bin/cc   -DCHECK_FUNCTION_EXISTS=pthread_create    CMakeFiles/cmTC_d6c5c.dir/CheckFunctionExists.c.o  -o cmTC_d6c5c -rdynamic -lpthreads 
/usr/bin/ld: -lpthreads が見つかりません
collect2: error: ld returned 1 exit status
CMakeFiles/cmTC_d6c5c.dir/build.make:97: ターゲット 'cmTC_d6c5c' のレシピで失敗しました
make[1]: *** [cmTC_d6c5c] エラー 1
make[1]: ディレクトリ '/home/miki/development_v1/build/CMakeFiles/CMakeTmp' から出ます
Makefile:126: ターゲット 'cmTC_d6c5c/fast' のレシピで失敗しました
make: *** [cmTC_d6c5c/fast] エラー 2


